{
 "cells": [
  {
   "cell_type": "markdown",
   "metadata": {},
   "source": [
    "# Query Execution Plans\n",
    "\n",
    "This lab will pull show the importants of planning your queires before execution.  \n",
    "\n",
    "You are strongly encouraged to use `EXPLAIN` on all queries you write before you try to execute them.\n",
    "We will look at a couple of bad queries to understand why.\n",
    "\n"
   ]
  },
  {
   "cell_type": "code",
   "execution_count": 1,
   "metadata": {},
   "outputs": [
    {
     "data": {
      "text/plain": [
       "'Connected: dsa_ro_user@dsa_ro'"
      ]
     },
     "execution_count": 1,
     "metadata": {},
     "output_type": "execute_result"
    }
   ],
   "source": [
    "%load_ext sql\n",
    "%sql postgres://dsa_ro_user:readonly@dbase.dsa.missouri.edu/dsa_ro"
   ]
  },
  {
   "cell_type": "code",
   "execution_count": 2,
   "metadata": {
    "scrolled": true
   },
   "outputs": [
    {
     "name": "stdout",
     "output_type": "stream",
     "text": [
      "4 rows affected.\n"
     ]
    },
    {
     "data": {
      "text/html": [
       "<table>\n",
       "    <tr>\n",
       "        <th>QUERY PLAN</th>\n",
       "    </tr>\n",
       "    <tr>\n",
       "        <td>Aggregate  (cost=7.40..7.41 rows=1 width=0) (actual time=0.260..0.260 rows=1 loops=1)</td>\n",
       "    </tr>\n",
       "    <tr>\n",
       "        <td>&nbsp;&nbsp;-&gt;  Seq Scan on cities  (cost=0.00..6.52 rows=352 width=0) (actual time=0.067..0.185 rows=352 loops=1)</td>\n",
       "    </tr>\n",
       "    <tr>\n",
       "        <td>Planning time: 0.335 ms</td>\n",
       "    </tr>\n",
       "    <tr>\n",
       "        <td>Execution time: 0.484 ms</td>\n",
       "    </tr>\n",
       "</table>"
      ],
      "text/plain": [
       "[('Aggregate  (cost=7.40..7.41 rows=1 width=0) (actual time=0.260..0.260 rows=1 loops=1)',),\n",
       " ('  ->  Seq Scan on cities  (cost=0.00..6.52 rows=352 width=0) (actual time=0.067..0.185 rows=352 loops=1)',),\n",
       " ('Planning time: 0.335 ms',),\n",
       " ('Execution time: 0.484 ms',)]"
      ]
     },
     "execution_count": 2,
     "metadata": {},
     "output_type": "execute_result"
    }
   ],
   "source": [
    "%%sql\n",
    "EXPLAIN ANALYZE\n",
    "SELECT COUNT(*) FROM cities;"
   ]
  },
  {
   "cell_type": "code",
   "execution_count": 3,
   "metadata": {},
   "outputs": [
    {
     "name": "stdout",
     "output_type": "stream",
     "text": [
      "6 rows affected.\n"
     ]
    },
    {
     "data": {
      "text/html": [
       "<table>\n",
       "    <tr>\n",
       "        <th>QUERY PLAN</th>\n",
       "    </tr>\n",
       "    <tr>\n",
       "        <td>Aggregate  (cost=7.50..7.50 rows=1 width=0) (actual time=0.116..0.116 rows=1 loops=1)</td>\n",
       "    </tr>\n",
       "    <tr>\n",
       "        <td>&nbsp;&nbsp;-&gt;  Seq Scan on cities  (cost=0.00..7.40 rows=38 width=0) (actual time=0.015..0.104 rows=38 loops=1)</td>\n",
       "    </tr>\n",
       "    <tr>\n",
       "        <td>&nbsp;&nbsp;&nbsp;&nbsp;&nbsp;&nbsp;&nbsp;&nbsp;Filter: ((country)::text = &#x27;India&#x27;::text)</td>\n",
       "    </tr>\n",
       "    <tr>\n",
       "        <td>&nbsp;&nbsp;&nbsp;&nbsp;&nbsp;&nbsp;&nbsp;&nbsp;Rows Removed by Filter: 314</td>\n",
       "    </tr>\n",
       "    <tr>\n",
       "        <td>Planning time: 0.227 ms</td>\n",
       "    </tr>\n",
       "    <tr>\n",
       "        <td>Execution time: 0.157 ms</td>\n",
       "    </tr>\n",
       "</table>"
      ],
      "text/plain": [
       "[('Aggregate  (cost=7.50..7.50 rows=1 width=0) (actual time=0.116..0.116 rows=1 loops=1)',),\n",
       " ('  ->  Seq Scan on cities  (cost=0.00..7.40 rows=38 width=0) (actual time=0.015..0.104 rows=38 loops=1)',),\n",
       " (\"        Filter: ((country)::text = 'India'::text)\",),\n",
       " ('        Rows Removed by Filter: 314',),\n",
       " ('Planning time: 0.227 ms',),\n",
       " ('Execution time: 0.157 ms',)]"
      ]
     },
     "execution_count": 3,
     "metadata": {},
     "output_type": "execute_result"
    }
   ],
   "source": [
    "%%sql \n",
    "EXPLAIN ANALYZE\n",
    "SELECT COUNT(*) FROM cities WHERE country = 'India'"
   ]
  },
  {
   "cell_type": "markdown",
   "metadata": {},
   "source": [
    "In the two queries above, we see that either way we get a sequential scan on the table.\n",
    "This is driven by the size of the table - recall the size is 352 rows.\n",
    "\n",
    "\n",
    "---\n",
    "\n",
    "By contrast, lets look at a larger table with 3295 rows.\n",
    "A regular `COUNT` gets a table scan, ` Seq Scan on us_second_order_divisions`\n",
    "\n",
    "\n",
    "However, adding the WHERE clause allows an index to come into play.\n",
    "The index element of the plan in this case: `Bitmap Index Scan on us_second_order_divisions_pkey`\n"
   ]
  },
  {
   "cell_type": "code",
   "execution_count": 4,
   "metadata": {},
   "outputs": [
    {
     "name": "stdout",
     "output_type": "stream",
     "text": [
      "4 rows affected.\n"
     ]
    },
    {
     "data": {
      "text/html": [
       "<table>\n",
       "    <tr>\n",
       "        <th>QUERY PLAN</th>\n",
       "    </tr>\n",
       "    <tr>\n",
       "        <td>Aggregate  (cost=60.19..60.20 rows=1 width=0) (actual time=1.785..1.785 rows=1 loops=1)</td>\n",
       "    </tr>\n",
       "    <tr>\n",
       "        <td>&nbsp;&nbsp;-&gt;  Seq Scan on us_second_order_divisions  (cost=0.00..51.95 rows=3295 width=0) (actual time=0.045..1.240 rows=3295 loops=1)</td>\n",
       "    </tr>\n",
       "    <tr>\n",
       "        <td>Planning time: 0.300 ms</td>\n",
       "    </tr>\n",
       "    <tr>\n",
       "        <td>Execution time: 1.828 ms</td>\n",
       "    </tr>\n",
       "</table>"
      ],
      "text/plain": [
       "[('Aggregate  (cost=60.19..60.20 rows=1 width=0) (actual time=1.785..1.785 rows=1 loops=1)',),\n",
       " ('  ->  Seq Scan on us_second_order_divisions  (cost=0.00..51.95 rows=3295 width=0) (actual time=0.045..1.240 rows=3295 loops=1)',),\n",
       " ('Planning time: 0.300 ms',),\n",
       " ('Execution time: 1.828 ms',)]"
      ]
     },
     "execution_count": 4,
     "metadata": {},
     "output_type": "execute_result"
    }
   ],
   "source": [
    "%%sql\n",
    "EXPLAIN ANALYZE\n",
    "SELECT COUNT(*) FROM us_second_order_divisions;"
   ]
  },
  {
   "cell_type": "code",
   "execution_count": 5,
   "metadata": {},
   "outputs": [
    {
     "name": "stdout",
     "output_type": "stream",
     "text": [
      "8 rows affected.\n"
     ]
    },
    {
     "data": {
      "text/html": [
       "<table>\n",
       "    <tr>\n",
       "        <th>QUERY PLAN</th>\n",
       "    </tr>\n",
       "    <tr>\n",
       "        <td>Aggregate  (cost=22.79..22.80 rows=1 width=0) (actual time=0.117..0.117 rows=1 loops=1)</td>\n",
       "    </tr>\n",
       "    <tr>\n",
       "        <td>&nbsp;&nbsp;-&gt;  Bitmap Heap Scan on us_second_order_divisions  (cost=4.37..22.76 rows=12 width=0) (actual time=0.108..0.113 rows=14 loops=1)</td>\n",
       "    </tr>\n",
       "    <tr>\n",
       "        <td>&nbsp;&nbsp;&nbsp;&nbsp;&nbsp;&nbsp;&nbsp;&nbsp;Recheck Cond: (state_number_code = 25)</td>\n",
       "    </tr>\n",
       "    <tr>\n",
       "        <td>&nbsp;&nbsp;&nbsp;&nbsp;&nbsp;&nbsp;&nbsp;&nbsp;Heap Blocks: exact=1</td>\n",
       "    </tr>\n",
       "    <tr>\n",
       "        <td>&nbsp;&nbsp;&nbsp;&nbsp;&nbsp;&nbsp;&nbsp;&nbsp;-&gt;  Bitmap Index Scan on us_second_order_divisions_pkey  (cost=0.00..4.37 rows=12 width=0) (actual time=0.100..0.100 rows=14 loops=1)</td>\n",
       "    </tr>\n",
       "    <tr>\n",
       "        <td>&nbsp;&nbsp;&nbsp;&nbsp;&nbsp;&nbsp;&nbsp;&nbsp;&nbsp;&nbsp;&nbsp;&nbsp;&nbsp;&nbsp;Index Cond: (state_number_code = 25)</td>\n",
       "    </tr>\n",
       "    <tr>\n",
       "        <td>Planning time: 0.113 ms</td>\n",
       "    </tr>\n",
       "    <tr>\n",
       "        <td>Execution time: 0.161 ms</td>\n",
       "    </tr>\n",
       "</table>"
      ],
      "text/plain": [
       "[('Aggregate  (cost=22.79..22.80 rows=1 width=0) (actual time=0.117..0.117 rows=1 loops=1)',),\n",
       " ('  ->  Bitmap Heap Scan on us_second_order_divisions  (cost=4.37..22.76 rows=12 width=0) (actual time=0.108..0.113 rows=14 loops=1)',),\n",
       " ('        Recheck Cond: (state_number_code = 25)',),\n",
       " ('        Heap Blocks: exact=1',),\n",
       " ('        ->  Bitmap Index Scan on us_second_order_divisions_pkey  (cost=0.00..4.37 rows=12 width=0) (actual time=0.100..0.100 rows=14 loops=1)',),\n",
       " ('              Index Cond: (state_number_code = 25)',),\n",
       " ('Planning time: 0.113 ms',),\n",
       " ('Execution time: 0.161 ms',)]"
      ]
     },
     "execution_count": 5,
     "metadata": {},
     "output_type": "execute_result"
    }
   ],
   "source": [
    "%%sql\n",
    "EXPLAIN ANALYZE\n",
    "SELECT COUNT(*) FROM us_second_order_divisions\n",
    "WHERE state_number_code = 25;"
   ]
  },
  {
   "cell_type": "markdown",
   "metadata": {},
   "source": [
    "## Explain versus Explain Analyze\n",
    "\n",
    "You may notice above that we are using `EXPLAIN ANALYZE` versus just `EXPLAIN`. \n",
    "This is because I know these queries work and I know that running them will not drag down the database.\n",
    "\n",
    "It is generally a good idea to `EXPLAIN` first, then once you trust your SQL, `EXPLAIN ANALYZE`.\n",
    "\n",
    "\n",
    "**Take Note of the output differences of the same SQL without and with the `ANALYZE` option.***"
   ]
  },
  {
   "cell_type": "code",
   "execution_count": 6,
   "metadata": {},
   "outputs": [
    {
     "name": "stdout",
     "output_type": "stream",
     "text": [
      "3 rows affected.\n"
     ]
    },
    {
     "data": {
      "text/html": [
       "<table>\n",
       "    <tr>\n",
       "        <th>QUERY PLAN</th>\n",
       "    </tr>\n",
       "    <tr>\n",
       "        <td>HashAggregate  (cost=8.28..9.25 rows=97 width=12)</td>\n",
       "    </tr>\n",
       "    <tr>\n",
       "        <td>&nbsp;&nbsp;Group Key: country</td>\n",
       "    </tr>\n",
       "    <tr>\n",
       "        <td>&nbsp;&nbsp;-&gt;  Seq Scan on cities  (cost=0.00..6.52 rows=352 width=12)</td>\n",
       "    </tr>\n",
       "</table>"
      ],
      "text/plain": [
       "[('HashAggregate  (cost=8.28..9.25 rows=97 width=12)',),\n",
       " ('  Group Key: country',),\n",
       " ('  ->  Seq Scan on cities  (cost=0.00..6.52 rows=352 width=12)',)]"
      ]
     },
     "execution_count": 6,
     "metadata": {},
     "output_type": "execute_result"
    }
   ],
   "source": [
    "%%sql \n",
    "EXPLAIN\n",
    "SELECT country, MIN(population) \n",
    "FROM cities \n",
    "GROUP BY country;"
   ]
  },
  {
   "cell_type": "code",
   "execution_count": 7,
   "metadata": {},
   "outputs": [
    {
     "name": "stdout",
     "output_type": "stream",
     "text": [
      "5 rows affected.\n"
     ]
    },
    {
     "data": {
      "text/html": [
       "<table>\n",
       "    <tr>\n",
       "        <th>QUERY PLAN</th>\n",
       "    </tr>\n",
       "    <tr>\n",
       "        <td>HashAggregate  (cost=8.28..9.25 rows=97 width=12) (actual time=0.364..0.394 rows=97 loops=1)</td>\n",
       "    </tr>\n",
       "    <tr>\n",
       "        <td>&nbsp;&nbsp;Group Key: country</td>\n",
       "    </tr>\n",
       "    <tr>\n",
       "        <td>&nbsp;&nbsp;-&gt;  Seq Scan on cities  (cost=0.00..6.52 rows=352 width=12) (actual time=0.013..0.099 rows=352 loops=1)</td>\n",
       "    </tr>\n",
       "    <tr>\n",
       "        <td>Planning time: 0.059 ms</td>\n",
       "    </tr>\n",
       "    <tr>\n",
       "        <td>Execution time: 0.455 ms</td>\n",
       "    </tr>\n",
       "</table>"
      ],
      "text/plain": [
       "[('HashAggregate  (cost=8.28..9.25 rows=97 width=12) (actual time=0.364..0.394 rows=97 loops=1)',),\n",
       " ('  Group Key: country',),\n",
       " ('  ->  Seq Scan on cities  (cost=0.00..6.52 rows=352 width=12) (actual time=0.013..0.099 rows=352 loops=1)',),\n",
       " ('Planning time: 0.059 ms',),\n",
       " ('Execution time: 0.455 ms',)]"
      ]
     },
     "execution_count": 7,
     "metadata": {},
     "output_type": "execute_result"
    }
   ],
   "source": [
    "%%sql \n",
    "EXPLAIN ANALYZE\n",
    "SELECT country, MIN(population) \n",
    "FROM cities \n",
    "GROUP BY country;"
   ]
  },
  {
   "cell_type": "markdown",
   "metadata": {},
   "source": [
    "## Aggregates \n",
    "\n",
    "We see the `HashAggregate` is used to perform the groupings and apply the aggregate function over the data groups."
   ]
  },
  {
   "cell_type": "code",
   "execution_count": 8,
   "metadata": {},
   "outputs": [
    {
     "name": "stdout",
     "output_type": "stream",
     "text": [
      "7 rows affected.\n"
     ]
    },
    {
     "data": {
      "text/html": [
       "<table>\n",
       "    <tr>\n",
       "        <th>QUERY PLAN</th>\n",
       "    </tr>\n",
       "    <tr>\n",
       "        <td>HashAggregate  (cost=9.16..10.37 rows=97 width=8) (actual time=0.352..0.370 rows=8 loops=1)</td>\n",
       "    </tr>\n",
       "    <tr>\n",
       "        <td>&nbsp;&nbsp;Group Key: country</td>\n",
       "    </tr>\n",
       "    <tr>\n",
       "        <td>&nbsp;&nbsp;Filter: (count(*) &gt; 10)</td>\n",
       "    </tr>\n",
       "    <tr>\n",
       "        <td>&nbsp;&nbsp;Rows Removed by Filter: 89</td>\n",
       "    </tr>\n",
       "    <tr>\n",
       "        <td>&nbsp;&nbsp;-&gt;  Seq Scan on cities  (cost=0.00..6.52 rows=352 width=8) (actual time=0.012..0.086 rows=352 loops=1)</td>\n",
       "    </tr>\n",
       "    <tr>\n",
       "        <td>Planning time: 0.057 ms</td>\n",
       "    </tr>\n",
       "    <tr>\n",
       "        <td>Execution time: 0.418 ms</td>\n",
       "    </tr>\n",
       "</table>"
      ],
      "text/plain": [
       "[('HashAggregate  (cost=9.16..10.37 rows=97 width=8) (actual time=0.352..0.370 rows=8 loops=1)',),\n",
       " ('  Group Key: country',),\n",
       " ('  Filter: (count(*) > 10)',),\n",
       " ('  Rows Removed by Filter: 89',),\n",
       " ('  ->  Seq Scan on cities  (cost=0.00..6.52 rows=352 width=8) (actual time=0.012..0.086 rows=352 loops=1)',),\n",
       " ('Planning time: 0.057 ms',),\n",
       " ('Execution time: 0.418 ms',)]"
      ]
     },
     "execution_count": 8,
     "metadata": {},
     "output_type": "execute_result"
    }
   ],
   "source": [
    "%%sql \n",
    "EXPLAIN ANALYZE\n",
    "SELECT country, count(*) \n",
    "FROM cities \n",
    "GROUP BY country \n",
    "HAVING count(*) > 10;"
   ]
  },
  {
   "cell_type": "markdown",
   "metadata": {},
   "source": [
    "## Sorting is expensive!\n",
    "\n",
    "We previously used the SQL below to build up our understanding of aggregations.\n",
    "\n",
    "Examine each of the `EXPLAIN` plans and try to correlate those to parts of the SQL.\n",
    "Tuning a database is as much an **art** as a science.\n",
    "The first step however, is learning how to read explain plans and understand how query structure and data within the table will affect the cost-based optimizer of a DBMS."
   ]
  },
  {
   "cell_type": "code",
   "execution_count": 9,
   "metadata": {},
   "outputs": [
    {
     "name": "stdout",
     "output_type": "stream",
     "text": [
      "10 rows affected.\n"
     ]
    },
    {
     "data": {
      "text/html": [
       "<table>\n",
       "    <tr>\n",
       "        <th>QUERY PLAN</th>\n",
       "    </tr>\n",
       "    <tr>\n",
       "        <td>HashAggregate  (cost=116.08..116.67 rows=59 width=10) (actual time=4.470..4.487 rows=60 loops=1)</td>\n",
       "    </tr>\n",
       "    <tr>\n",
       "        <td>&nbsp;&nbsp;Group Key: s.state_name</td>\n",
       "    </tr>\n",
       "    <tr>\n",
       "        <td>&nbsp;&nbsp;-&gt;  Hash Join  (cost=2.35..99.61 rows=3295 width=10) (actual time=0.148..2.821 rows=3295 loops=1)</td>\n",
       "    </tr>\n",
       "    <tr>\n",
       "        <td>&nbsp;&nbsp;&nbsp;&nbsp;&nbsp;&nbsp;&nbsp;&nbsp;Hash Cond: (c.state_number_code = s.state_number_code)</td>\n",
       "    </tr>\n",
       "    <tr>\n",
       "        <td>&nbsp;&nbsp;&nbsp;&nbsp;&nbsp;&nbsp;&nbsp;&nbsp;-&gt;  Seq Scan on us_second_order_divisions c  (cost=0.00..51.95 rows=3295 width=2) (actual time=0.011..0.736 rows=3295 loops=1)</td>\n",
       "    </tr>\n",
       "    <tr>\n",
       "        <td>&nbsp;&nbsp;&nbsp;&nbsp;&nbsp;&nbsp;&nbsp;&nbsp;-&gt;  Hash  (cost=1.60..1.60 rows=60 width=12) (actual time=0.073..0.073 rows=60 loops=1)</td>\n",
       "    </tr>\n",
       "    <tr>\n",
       "        <td>&nbsp;&nbsp;&nbsp;&nbsp;&nbsp;&nbsp;&nbsp;&nbsp;&nbsp;&nbsp;&nbsp;&nbsp;&nbsp;&nbsp;Buckets: 1024  Batches: 1  Memory Usage: 11kB</td>\n",
       "    </tr>\n",
       "    <tr>\n",
       "        <td>&nbsp;&nbsp;&nbsp;&nbsp;&nbsp;&nbsp;&nbsp;&nbsp;&nbsp;&nbsp;&nbsp;&nbsp;&nbsp;&nbsp;-&gt;  Seq Scan on util_us_states s  (cost=0.00..1.60 rows=60 width=12) (actual time=0.007..0.025 rows=60 loops=1)</td>\n",
       "    </tr>\n",
       "    <tr>\n",
       "        <td>Planning time: 0.854 ms</td>\n",
       "    </tr>\n",
       "    <tr>\n",
       "        <td>Execution time: 4.578 ms</td>\n",
       "    </tr>\n",
       "</table>"
      ],
      "text/plain": [
       "[('HashAggregate  (cost=116.08..116.67 rows=59 width=10) (actual time=4.470..4.487 rows=60 loops=1)',),\n",
       " ('  Group Key: s.state_name',),\n",
       " ('  ->  Hash Join  (cost=2.35..99.61 rows=3295 width=10) (actual time=0.148..2.821 rows=3295 loops=1)',),\n",
       " ('        Hash Cond: (c.state_number_code = s.state_number_code)',),\n",
       " ('        ->  Seq Scan on us_second_order_divisions c  (cost=0.00..51.95 rows=3295 width=2) (actual time=0.011..0.736 rows=3295 loops=1)',),\n",
       " ('        ->  Hash  (cost=1.60..1.60 rows=60 width=12) (actual time=0.073..0.073 rows=60 loops=1)',),\n",
       " ('              Buckets: 1024  Batches: 1  Memory Usage: 11kB',),\n",
       " ('              ->  Seq Scan on util_us_states s  (cost=0.00..1.60 rows=60 width=12) (actual time=0.007..0.025 rows=60 loops=1)',),\n",
       " ('Planning time: 0.854 ms',),\n",
       " ('Execution time: 4.578 ms',)]"
      ]
     },
     "execution_count": 9,
     "metadata": {},
     "output_type": "execute_result"
    }
   ],
   "source": [
    "%%sql \n",
    "EXPLAIN ANALYZE\n",
    "SELECT S.state_name, count(*)\n",
    "FROM us_second_order_divisions as C\n",
    "JOIN util_us_states as S\n",
    "  ON (C.state_number_code=S.state_number_code)\n",
    "GROUP BY S.state_name;"
   ]
  },
  {
   "cell_type": "code",
   "execution_count": 10,
   "metadata": {},
   "outputs": [
    {
     "name": "stdout",
     "output_type": "stream",
     "text": [
      "13 rows affected.\n"
     ]
    },
    {
     "data": {
      "text/html": [
       "<table>\n",
       "    <tr>\n",
       "        <th>QUERY PLAN</th>\n",
       "    </tr>\n",
       "    <tr>\n",
       "        <td>Sort  (cost=118.41..118.55 rows=59 width=10) (actual time=4.712..4.716 rows=60 loops=1)</td>\n",
       "    </tr>\n",
       "    <tr>\n",
       "        <td>&nbsp;&nbsp;Sort Key: s.state_name</td>\n",
       "    </tr>\n",
       "    <tr>\n",
       "        <td>&nbsp;&nbsp;Sort Method: quicksort  Memory: 29kB</td>\n",
       "    </tr>\n",
       "    <tr>\n",
       "        <td>&nbsp;&nbsp;-&gt;  HashAggregate  (cost=116.08..116.67 rows=59 width=10) (actual time=4.411..4.435 rows=60 loops=1)</td>\n",
       "    </tr>\n",
       "    <tr>\n",
       "        <td>&nbsp;&nbsp;&nbsp;&nbsp;&nbsp;&nbsp;&nbsp;&nbsp;Group Key: s.state_name</td>\n",
       "    </tr>\n",
       "    <tr>\n",
       "        <td>&nbsp;&nbsp;&nbsp;&nbsp;&nbsp;&nbsp;&nbsp;&nbsp;-&gt;  Hash Join  (cost=2.35..99.61 rows=3295 width=10) (actual time=0.107..2.742 rows=3295 loops=1)</td>\n",
       "    </tr>\n",
       "    <tr>\n",
       "        <td>&nbsp;&nbsp;&nbsp;&nbsp;&nbsp;&nbsp;&nbsp;&nbsp;&nbsp;&nbsp;&nbsp;&nbsp;&nbsp;&nbsp;Hash Cond: (c.state_number_code = s.state_number_code)</td>\n",
       "    </tr>\n",
       "    <tr>\n",
       "        <td>&nbsp;&nbsp;&nbsp;&nbsp;&nbsp;&nbsp;&nbsp;&nbsp;&nbsp;&nbsp;&nbsp;&nbsp;&nbsp;&nbsp;-&gt;  Seq Scan on us_second_order_divisions c  (cost=0.00..51.95 rows=3295 width=2) (actual time=0.009..0.730 rows=3295 loops=1)</td>\n",
       "    </tr>\n",
       "    <tr>\n",
       "        <td>&nbsp;&nbsp;&nbsp;&nbsp;&nbsp;&nbsp;&nbsp;&nbsp;&nbsp;&nbsp;&nbsp;&nbsp;&nbsp;&nbsp;-&gt;  Hash  (cost=1.60..1.60 rows=60 width=12) (actual time=0.076..0.076 rows=60 loops=1)</td>\n",
       "    </tr>\n",
       "    <tr>\n",
       "        <td>&nbsp;&nbsp;&nbsp;&nbsp;&nbsp;&nbsp;&nbsp;&nbsp;&nbsp;&nbsp;&nbsp;&nbsp;&nbsp;&nbsp;&nbsp;&nbsp;&nbsp;&nbsp;&nbsp;&nbsp;Buckets: 1024  Batches: 1  Memory Usage: 11kB</td>\n",
       "    </tr>\n",
       "    <tr>\n",
       "        <td>&nbsp;&nbsp;&nbsp;&nbsp;&nbsp;&nbsp;&nbsp;&nbsp;&nbsp;&nbsp;&nbsp;&nbsp;&nbsp;&nbsp;&nbsp;&nbsp;&nbsp;&nbsp;&nbsp;&nbsp;-&gt;  Seq Scan on util_us_states s  (cost=0.00..1.60 rows=60 width=12) (actual time=0.025..0.042 rows=60 loops=1)</td>\n",
       "    </tr>\n",
       "    <tr>\n",
       "        <td>Planning time: 0.337 ms</td>\n",
       "    </tr>\n",
       "    <tr>\n",
       "        <td>Execution time: 4.797 ms</td>\n",
       "    </tr>\n",
       "</table>"
      ],
      "text/plain": [
       "[('Sort  (cost=118.41..118.55 rows=59 width=10) (actual time=4.712..4.716 rows=60 loops=1)',),\n",
       " ('  Sort Key: s.state_name',),\n",
       " ('  Sort Method: quicksort  Memory: 29kB',),\n",
       " ('  ->  HashAggregate  (cost=116.08..116.67 rows=59 width=10) (actual time=4.411..4.435 rows=60 loops=1)',),\n",
       " ('        Group Key: s.state_name',),\n",
       " ('        ->  Hash Join  (cost=2.35..99.61 rows=3295 width=10) (actual time=0.107..2.742 rows=3295 loops=1)',),\n",
       " ('              Hash Cond: (c.state_number_code = s.state_number_code)',),\n",
       " ('              ->  Seq Scan on us_second_order_divisions c  (cost=0.00..51.95 rows=3295 width=2) (actual time=0.009..0.730 rows=3295 loops=1)',),\n",
       " ('              ->  Hash  (cost=1.60..1.60 rows=60 width=12) (actual time=0.076..0.076 rows=60 loops=1)',),\n",
       " ('                    Buckets: 1024  Batches: 1  Memory Usage: 11kB',),\n",
       " ('                    ->  Seq Scan on util_us_states s  (cost=0.00..1.60 rows=60 width=12) (actual time=0.025..0.042 rows=60 loops=1)',),\n",
       " ('Planning time: 0.337 ms',),\n",
       " ('Execution time: 4.797 ms',)]"
      ]
     },
     "execution_count": 10,
     "metadata": {},
     "output_type": "execute_result"
    }
   ],
   "source": [
    "%%sql \n",
    "EXPLAIN ANALYZE\n",
    "SELECT S.state_name, count(*)\n",
    "FROM us_second_order_divisions as C\n",
    "JOIN util_us_states as S\n",
    "  ON (C.state_number_code=S.state_number_code)\n",
    "GROUP BY S.state_name\n",
    "ORDER BY S.state_name;"
   ]
  },
  {
   "cell_type": "code",
   "execution_count": 11,
   "metadata": {
    "scrolled": false
   },
   "outputs": [
    {
     "name": "stdout",
     "output_type": "stream",
     "text": [
      "15 rows affected.\n"
     ]
    },
    {
     "data": {
      "text/html": [
       "<table>\n",
       "    <tr>\n",
       "        <th>QUERY PLAN</th>\n",
       "    </tr>\n",
       "    <tr>\n",
       "        <td>Sort  (cost=135.18..135.32 rows=59 width=10) (actual time=4.557..4.560 rows=12 loops=1)</td>\n",
       "    </tr>\n",
       "    <tr>\n",
       "        <td>&nbsp;&nbsp;Sort Key: (count(*)) DESC</td>\n",
       "    </tr>\n",
       "    <tr>\n",
       "        <td>&nbsp;&nbsp;Sort Method: quicksort  Memory: 25kB</td>\n",
       "    </tr>\n",
       "    <tr>\n",
       "        <td>&nbsp;&nbsp;-&gt;  HashAggregate  (cost=132.56..133.44 rows=59 width=10) (actual time=4.476..4.488 rows=12 loops=1)</td>\n",
       "    </tr>\n",
       "    <tr>\n",
       "        <td>&nbsp;&nbsp;&nbsp;&nbsp;&nbsp;&nbsp;&nbsp;&nbsp;Group Key: s.state_name</td>\n",
       "    </tr>\n",
       "    <tr>\n",
       "        <td>&nbsp;&nbsp;&nbsp;&nbsp;&nbsp;&nbsp;&nbsp;&nbsp;Filter: ((count(*) &gt;= 10) AND (count(*) &lt;= 30))</td>\n",
       "    </tr>\n",
       "    <tr>\n",
       "        <td>&nbsp;&nbsp;&nbsp;&nbsp;&nbsp;&nbsp;&nbsp;&nbsp;Rows Removed by Filter: 48</td>\n",
       "    </tr>\n",
       "    <tr>\n",
       "        <td>&nbsp;&nbsp;&nbsp;&nbsp;&nbsp;&nbsp;&nbsp;&nbsp;-&gt;  Hash Join  (cost=2.35..99.61 rows=3295 width=10) (actual time=0.109..2.737 rows=3295 loops=1)</td>\n",
       "    </tr>\n",
       "    <tr>\n",
       "        <td>&nbsp;&nbsp;&nbsp;&nbsp;&nbsp;&nbsp;&nbsp;&nbsp;&nbsp;&nbsp;&nbsp;&nbsp;&nbsp;&nbsp;Hash Cond: (c.state_number_code = s.state_number_code)</td>\n",
       "    </tr>\n",
       "    <tr>\n",
       "        <td>&nbsp;&nbsp;&nbsp;&nbsp;&nbsp;&nbsp;&nbsp;&nbsp;&nbsp;&nbsp;&nbsp;&nbsp;&nbsp;&nbsp;-&gt;  Seq Scan on us_second_order_divisions c  (cost=0.00..51.95 rows=3295 width=2) (actual time=0.011..0.723 rows=3295 loops=1)</td>\n",
       "    </tr>\n",
       "    <tr>\n",
       "        <td>&nbsp;&nbsp;&nbsp;&nbsp;&nbsp;&nbsp;&nbsp;&nbsp;&nbsp;&nbsp;&nbsp;&nbsp;&nbsp;&nbsp;-&gt;  Hash  (cost=1.60..1.60 rows=60 width=12) (actual time=0.061..0.061 rows=60 loops=1)</td>\n",
       "    </tr>\n",
       "    <tr>\n",
       "        <td>&nbsp;&nbsp;&nbsp;&nbsp;&nbsp;&nbsp;&nbsp;&nbsp;&nbsp;&nbsp;&nbsp;&nbsp;&nbsp;&nbsp;&nbsp;&nbsp;&nbsp;&nbsp;&nbsp;&nbsp;Buckets: 1024  Batches: 1  Memory Usage: 11kB</td>\n",
       "    </tr>\n",
       "    <tr>\n",
       "        <td>&nbsp;&nbsp;&nbsp;&nbsp;&nbsp;&nbsp;&nbsp;&nbsp;&nbsp;&nbsp;&nbsp;&nbsp;&nbsp;&nbsp;&nbsp;&nbsp;&nbsp;&nbsp;&nbsp;&nbsp;-&gt;  Seq Scan on util_us_states s  (cost=0.00..1.60 rows=60 width=12) (actual time=0.006..0.026 rows=60 loops=1)</td>\n",
       "    </tr>\n",
       "    <tr>\n",
       "        <td>Planning time: 0.353 ms</td>\n",
       "    </tr>\n",
       "    <tr>\n",
       "        <td>Execution time: 4.652 ms</td>\n",
       "    </tr>\n",
       "</table>"
      ],
      "text/plain": [
       "[('Sort  (cost=135.18..135.32 rows=59 width=10) (actual time=4.557..4.560 rows=12 loops=1)',),\n",
       " ('  Sort Key: (count(*)) DESC',),\n",
       " ('  Sort Method: quicksort  Memory: 25kB',),\n",
       " ('  ->  HashAggregate  (cost=132.56..133.44 rows=59 width=10) (actual time=4.476..4.488 rows=12 loops=1)',),\n",
       " ('        Group Key: s.state_name',),\n",
       " ('        Filter: ((count(*) >= 10) AND (count(*) <= 30))',),\n",
       " ('        Rows Removed by Filter: 48',),\n",
       " ('        ->  Hash Join  (cost=2.35..99.61 rows=3295 width=10) (actual time=0.109..2.737 rows=3295 loops=1)',),\n",
       " ('              Hash Cond: (c.state_number_code = s.state_number_code)',),\n",
       " ('              ->  Seq Scan on us_second_order_divisions c  (cost=0.00..51.95 rows=3295 width=2) (actual time=0.011..0.723 rows=3295 loops=1)',),\n",
       " ('              ->  Hash  (cost=1.60..1.60 rows=60 width=12) (actual time=0.061..0.061 rows=60 loops=1)',),\n",
       " ('                    Buckets: 1024  Batches: 1  Memory Usage: 11kB',),\n",
       " ('                    ->  Seq Scan on util_us_states s  (cost=0.00..1.60 rows=60 width=12) (actual time=0.006..0.026 rows=60 loops=1)',),\n",
       " ('Planning time: 0.353 ms',),\n",
       " ('Execution time: 4.652 ms',)]"
      ]
     },
     "execution_count": 11,
     "metadata": {},
     "output_type": "execute_result"
    }
   ],
   "source": [
    "%%sql \n",
    "EXPLAIN ANALYZE\n",
    "SELECT S.state_name, count(*)\n",
    "FROM us_second_order_divisions as C\n",
    "JOIN util_us_states as S\n",
    "  ON (C.state_number_code=S.state_number_code)\n",
    "GROUP BY S.state_name\n",
    "HAVING COUNT(*) BETWEEN 10 AND 30\n",
    "ORDER BY COUNT(*) DESC;"
   ]
  },
  {
   "cell_type": "code",
   "execution_count": 14,
   "metadata": {},
   "outputs": [
    {
     "name": "stdout",
     "output_type": "stream",
     "text": [
      "12 rows affected.\n"
     ]
    },
    {
     "data": {
      "text/html": [
       "<table>\n",
       "    <tr>\n",
       "        <th>state_name</th>\n",
       "        <th>count</th>\n",
       "    </tr>\n",
       "    <tr>\n",
       "        <td>UTAH</td>\n",
       "        <td>29</td>\n",
       "    </tr>\n",
       "    <tr>\n",
       "        <td>ALASKA</td>\n",
       "        <td>28</td>\n",
       "    </tr>\n",
       "    <tr>\n",
       "        <td>MARYLAND</td>\n",
       "        <td>24</td>\n",
       "    </tr>\n",
       "    <tr>\n",
       "        <td>WYOMING</td>\n",
       "        <td>23</td>\n",
       "    </tr>\n",
       "    <tr>\n",
       "        <td>NEW JERSEY</td>\n",
       "        <td>21</td>\n",
       "    </tr>\n",
       "    <tr>\n",
       "        <td>NEVADA</td>\n",
       "        <td>17</td>\n",
       "    </tr>\n",
       "    <tr>\n",
       "        <td>MAINE</td>\n",
       "        <td>16</td>\n",
       "    </tr>\n",
       "    <tr>\n",
       "        <td>PALAU</td>\n",
       "        <td>16</td>\n",
       "    </tr>\n",
       "    <tr>\n",
       "        <td>ARIZONA</td>\n",
       "        <td>15</td>\n",
       "    </tr>\n",
       "    <tr>\n",
       "        <td>VERMONT</td>\n",
       "        <td>14</td>\n",
       "    </tr>\n",
       "    <tr>\n",
       "        <td>MASSACHUSETTS</td>\n",
       "        <td>14</td>\n",
       "    </tr>\n",
       "    <tr>\n",
       "        <td>NEW HAMPSHIRE</td>\n",
       "        <td>10</td>\n",
       "    </tr>\n",
       "</table>"
      ],
      "text/plain": [
       "[('UTAH', 29),\n",
       " ('ALASKA', 28),\n",
       " ('MARYLAND', 24),\n",
       " ('WYOMING', 23),\n",
       " ('NEW JERSEY', 21),\n",
       " ('NEVADA', 17),\n",
       " ('MAINE', 16),\n",
       " ('PALAU', 16),\n",
       " ('ARIZONA', 15),\n",
       " ('VERMONT', 14),\n",
       " ('MASSACHUSETTS', 14),\n",
       " ('NEW HAMPSHIRE', 10)]"
      ]
     },
     "execution_count": 14,
     "metadata": {},
     "output_type": "execute_result"
    }
   ],
   "source": [
    "%%sql \n",
    "\n",
    "SELECT S.state_name, count(*)\n",
    "FROM us_second_order_divisions as C\n",
    "JOIN util_us_states as S\n",
    "  ON (C.state_number_code=S.state_number_code)\n",
    "GROUP BY S.state_name\n",
    "HAVING COUNT(*) BETWEEN 10 AND 30\n",
    "ORDER BY COUNT(*) DESC;"
   ]
  },
  {
   "cell_type": "markdown",
   "metadata": {},
   "source": [
    "## <span style=\"background:yellow\">Your Turn</span>\n",
    "\n",
    "Examine the **cross-product** query using EXPLAIN first, and then answer the question below.\n",
    "\n"
   ]
  },
  {
   "cell_type": "code",
   "execution_count": 12,
   "metadata": {
    "scrolled": false
   },
   "outputs": [
    {
     "name": "stdout",
     "output_type": "stream",
     "text": [
      "13 rows affected.\n"
     ]
    },
    {
     "data": {
      "text/html": [
       "<table>\n",
       "    <tr>\n",
       "        <th>QUERY PLAN</th>\n",
       "    </tr>\n",
       "    <tr>\n",
       "        <td>Sort  (cost=4504.57..4504.72 rows=59 width=10) (actual time=74.831..74.831 rows=0 loops=1)</td>\n",
       "    </tr>\n",
       "    <tr>\n",
       "        <td>&nbsp;&nbsp;Sort Key: (count(*)) DESC</td>\n",
       "    </tr>\n",
       "    <tr>\n",
       "        <td>&nbsp;&nbsp;Sort Method: quicksort  Memory: 25kB</td>\n",
       "    </tr>\n",
       "    <tr>\n",
       "        <td>&nbsp;&nbsp;-&gt;  HashAggregate  (cost=4501.95..4502.84 rows=59 width=10) (actual time=74.826..74.826 rows=0 loops=1)</td>\n",
       "    </tr>\n",
       "    <tr>\n",
       "        <td>&nbsp;&nbsp;&nbsp;&nbsp;&nbsp;&nbsp;&nbsp;&nbsp;Group Key: s.state_name</td>\n",
       "    </tr>\n",
       "    <tr>\n",
       "        <td>&nbsp;&nbsp;&nbsp;&nbsp;&nbsp;&nbsp;&nbsp;&nbsp;Filter: ((count(*) &gt;= 10) AND (count(*) &lt;= 30))</td>\n",
       "    </tr>\n",
       "    <tr>\n",
       "        <td>&nbsp;&nbsp;&nbsp;&nbsp;&nbsp;&nbsp;&nbsp;&nbsp;Rows Removed by Filter: 60</td>\n",
       "    </tr>\n",
       "    <tr>\n",
       "        <td>&nbsp;&nbsp;&nbsp;&nbsp;&nbsp;&nbsp;&nbsp;&nbsp;-&gt;  Nested Loop  (cost=0.00..2524.95 rows=197700 width=10) (actual time=0.020..33.221 rows=197700 loops=1)</td>\n",
       "    </tr>\n",
       "    <tr>\n",
       "        <td>&nbsp;&nbsp;&nbsp;&nbsp;&nbsp;&nbsp;&nbsp;&nbsp;&nbsp;&nbsp;&nbsp;&nbsp;&nbsp;&nbsp;-&gt;  Seq Scan on us_second_order_divisions c  (cost=0.00..51.95 rows=3295 width=0) (actual time=0.011..0.285 rows=3295 loops=1)</td>\n",
       "    </tr>\n",
       "    <tr>\n",
       "        <td>&nbsp;&nbsp;&nbsp;&nbsp;&nbsp;&nbsp;&nbsp;&nbsp;&nbsp;&nbsp;&nbsp;&nbsp;&nbsp;&nbsp;-&gt;  Materialize  (cost=0.00..1.90 rows=60 width=10) (actual time=0.000..0.003 rows=60 loops=3295)</td>\n",
       "    </tr>\n",
       "    <tr>\n",
       "        <td>&nbsp;&nbsp;&nbsp;&nbsp;&nbsp;&nbsp;&nbsp;&nbsp;&nbsp;&nbsp;&nbsp;&nbsp;&nbsp;&nbsp;&nbsp;&nbsp;&nbsp;&nbsp;&nbsp;&nbsp;-&gt;  Seq Scan on util_us_states s  (cost=0.00..1.60 rows=60 width=10) (actual time=0.005..0.024 rows=60 loops=1)</td>\n",
       "    </tr>\n",
       "    <tr>\n",
       "        <td>Planning time: 0.123 ms</td>\n",
       "    </tr>\n",
       "    <tr>\n",
       "        <td>Execution time: 74.904 ms</td>\n",
       "    </tr>\n",
       "</table>"
      ],
      "text/plain": [
       "[('Sort  (cost=4504.57..4504.72 rows=59 width=10) (actual time=74.831..74.831 rows=0 loops=1)',),\n",
       " ('  Sort Key: (count(*)) DESC',),\n",
       " ('  Sort Method: quicksort  Memory: 25kB',),\n",
       " ('  ->  HashAggregate  (cost=4501.95..4502.84 rows=59 width=10) (actual time=74.826..74.826 rows=0 loops=1)',),\n",
       " ('        Group Key: s.state_name',),\n",
       " ('        Filter: ((count(*) >= 10) AND (count(*) <= 30))',),\n",
       " ('        Rows Removed by Filter: 60',),\n",
       " ('        ->  Nested Loop  (cost=0.00..2524.95 rows=197700 width=10) (actual time=0.020..33.221 rows=197700 loops=1)',),\n",
       " ('              ->  Seq Scan on us_second_order_divisions c  (cost=0.00..51.95 rows=3295 width=0) (actual time=0.011..0.285 rows=3295 loops=1)',),\n",
       " ('              ->  Materialize  (cost=0.00..1.90 rows=60 width=10) (actual time=0.000..0.003 rows=60 loops=3295)',),\n",
       " ('                    ->  Seq Scan on util_us_states s  (cost=0.00..1.60 rows=60 width=10) (actual time=0.005..0.024 rows=60 loops=1)',),\n",
       " ('Planning time: 0.123 ms',),\n",
       " ('Execution time: 74.904 ms',)]"
      ]
     },
     "execution_count": 12,
     "metadata": {},
     "output_type": "execute_result"
    }
   ],
   "source": [
    "%%sql\n",
    "\n",
    "EXPLAIN ANALYZE\n",
    "SELECT S.state_name, count(*)\n",
    "FROM us_second_order_divisions as C\n",
    ", util_us_states as S\n",
    "GROUP BY S.state_name\n",
    "HAVING COUNT(*) BETWEEN 10 AND 30\n",
    "ORDER BY COUNT(*) DESC;\n"
   ]
  },
  {
   "cell_type": "code",
   "execution_count": 15,
   "metadata": {},
   "outputs": [
    {
     "name": "stdout",
     "output_type": "stream",
     "text": [
      "0 rows affected.\n"
     ]
    },
    {
     "data": {
      "text/html": [
       "<table>\n",
       "    <tr>\n",
       "        <th>state_name</th>\n",
       "        <th>count</th>\n",
       "    </tr>\n",
       "</table>"
      ],
      "text/plain": [
       "[]"
      ]
     },
     "execution_count": 15,
     "metadata": {},
     "output_type": "execute_result"
    }
   ],
   "source": [
    "%%sql\n",
    "\n",
    "SELECT S.state_name, count(*)\n",
    "FROM us_second_order_divisions as C\n",
    ", util_us_states as S\n",
    "GROUP BY S.state_name\n",
    "HAVING COUNT(*) BETWEEN 10 AND 30\n",
    "ORDER BY COUNT(*) DESC;\n"
   ]
  },
  {
   "cell_type": "raw",
   "metadata": {
    "collapsed": true
   },
   "source": [
    "# Write some comments on what you are seeing as the differences \n",
    "# and potential keys (other than cost) to identifying an unintended cross-\n",
    "# product within an explain plan.\n",
    "#-----------------------------------------------------------------\n",
    "\n",
    "The execution time is much longer with cross-product query. It doesnt use the JOIN function. The computer has to spend more time to figure it out.\n",
    "\n",
    "However, the results are different when I run the query. One has 12 rows, another one has zero.\n"
   ]
  },
  {
   "cell_type": "markdown",
   "metadata": {},
   "source": [
    "# Save your Notebook, then `File > Close and Halt`"
   ]
  },
  {
   "cell_type": "markdown",
   "metadata": {},
   "source": [
    "---"
   ]
  }
 ],
 "metadata": {
  "kernelspec": {
   "display_name": "Python 3",
   "language": "python",
   "name": "python3"
  },
  "language_info": {
   "codemirror_mode": {
    "name": "ipython",
    "version": 3
   },
   "file_extension": ".py",
   "mimetype": "text/x-python",
   "name": "python",
   "nbconvert_exporter": "python",
   "pygments_lexer": "ipython3",
   "version": "3.4.9"
  }
 },
 "nbformat": 4,
 "nbformat_minor": 1
}
